This file contains any messages produced by compilers while
running configure, to aid debugging if configure makes a mistake.

It was created by Game Pencil Engine configure 1.13, which was
generated by GNU Autoconf 2.69.  Invocation command line was

  $ ./configure 

## --------- ##
## Platform. ##
## --------- ##

hostname = FLOURISHOP
uname -m = x86_64
uname -r = 4.12.8-2-ARCH
uname -s = Linux
uname -v = #1 SMP PREEMPT Fri Aug 18 14:08:02 UTC 2017

/usr/bin/uname -p = unknown
/bin/uname -X     = unknown

/bin/arch              = unknown
/usr/bin/arch -k       = unknown
/usr/convex/getsysinfo = unknown
/usr/bin/hostinfo      = unknown
/bin/machine           = unknown
/usr/bin/oslevel       = unknown
/bin/universe          = unknown

PATH: /home/chase/.config/composer/vendor/bin
PATH: /usr/local/sbin
PATH: /usr/local/bin
PATH: /usr/bin
PATH: /usr/lib/jvm/default/bin
PATH: /usr/bin/site_perl
PATH: /usr/bin/vendor_perl
PATH: /usr/bin/core_perl


## ----------- ##
## Core tests. ##
## ----------- ##

configure:1954: checking for a BSD-compatible install
configure:2022: result: /usr/bin/install -c
configure:2033: checking whether build environment is sane
configure:2088: result: yes
configure:2239: checking for a thread-safe mkdir -p
configure:2278: result: /usr/bin/mkdir -p
configure:2285: checking for gawk
configure:2301: found /usr/bin/gawk
configure:2312: result: gawk
configure:2323: checking whether make sets $(MAKE)
configure:2345: result: yes
configure:2374: checking whether make supports nested variables
configure:2391: result: yes
configure:2565: checking for gcc
configure:2581: found /usr/bin/gcc
configure:2592: result: gcc
configure:2821: checking for C compiler version
configure:2830: gcc --version >&5
gcc (GCC) 7.1.1 20170630
Copyright (C) 2017 Free Software Foundation, Inc.
This is free software; see the source for copying conditions.  There is NO
warranty; not even for MERCHANTABILITY or FITNESS FOR A PARTICULAR PURPOSE.

configure:2841: $? = 0
configure:2830: gcc -v >&5
Using built-in specs.
COLLECT_GCC=gcc
COLLECT_LTO_WRAPPER=/usr/lib/gcc/x86_64-pc-linux-gnu/7.1.1/lto-wrapper
Target: x86_64-pc-linux-gnu
Configured with: /build/gcc/src/gcc/configure --prefix=/usr --libdir=/usr/lib --libexecdir=/usr/lib --mandir=/usr/share/man --infodir=/usr/share/info --with-bugurl=https://bugs.archlinux.org/ --enable-languages=c,c++,ada,fortran,go,lto,objc,obj-c++ --enable-shared --enable-threads=posix --enable-libmpx --with-system-zlib --with-isl --enable-__cxa_atexit --disable-libunwind-exceptions --enable-clocale=gnu --disable-libstdcxx-pch --disable-libssp --enable-gnu-unique-object --enable-linker-build-id --enable-lto --enable-plugin --enable-install-libiberty --with-linker-hash-style=gnu --enable-gnu-indirect-function --disable-multilib --disable-werror --enable-checking=release --enable-default-pie --enable-default-ssp
Thread model: posix
gcc version 7.1.1 20170630 (GCC) 
configure:2841: $? = 0
configure:2830: gcc -V >&5
gcc: error: unrecognized command line option '-V'
gcc: fatal error: no input files
compilation terminated.
configure:2841: $? = 1
configure:2830: gcc -qversion >&5
gcc: error: unrecognized command line option '-qversion'; did you mean '--version'?
gcc: fatal error: no input files
compilation terminated.
configure:2841: $? = 1
configure:2861: checking whether the C compiler works
configure:2883: gcc    conftest.c  >&5
configure:2887: $? = 0
configure:2935: result: yes
configure:2938: checking for C compiler default output file name
configure:2940: result: a.out
configure:2946: checking for suffix of executables
configure:2953: gcc -o conftest    conftest.c  >&5
configure:2957: $? = 0
configure:2979: result: 
configure:3001: checking whether we are cross compiling
configure:3009: gcc -o conftest    conftest.c  >&5
configure:3013: $? = 0
configure:3020: ./conftest
configure:3024: $? = 0
configure:3039: result: no
configure:3044: checking for suffix of object files
configure:3066: gcc -c   conftest.c >&5
configure:3070: $? = 0
configure:3091: result: o
configure:3095: checking whether we are using the GNU C compiler
configure:3114: gcc -c   conftest.c >&5
configure:3114: $? = 0
configure:3123: result: yes
configure:3132: checking whether gcc accepts -g
configure:3152: gcc -c -g  conftest.c >&5
configure:3152: $? = 0
configure:3193: result: yes
configure:3210: checking for gcc option to accept ISO C89
configure:3273: gcc  -c -g -O2  conftest.c >&5
configure:3273: $? = 0
configure:3286: result: none needed
configure:3311: checking whether gcc understands -c and -o together
configure:3333: gcc -c conftest.c -o conftest2.o
configure:3336: $? = 0
configure:3333: gcc -c conftest.c -o conftest2.o
configure:3336: $? = 0
configure:3348: result: yes
configure:3376: checking for style of include used by make
configure:3404: result: GNU
configure:3430: checking dependency style of gcc
configure:3541: result: gcc3
configure:3611: checking for pkg-config
configure:3629: found /usr/bin/pkg-config
configure:3641: result: /usr/bin/pkg-config
configure:3666: checking pkg-config is at least version 0.9.0
configure:3669: result: yes
configure:3716: checking for sdl2 >= 2.0.6
configure:3723: $PKG_CONFIG --exists --print-errors "sdl2 >= $min_sdl_version"
Requested 'sdl2 >= 2.0.6' but version of sdl2 is 2.0.5
configure:3726: $? = 1
configure:3740: $PKG_CONFIG --exists --print-errors "sdl2 >= $min_sdl_version"
Requested 'sdl2 >= 2.0.6' but version of sdl2 is 2.0.5
configure:3743: $? = 1
configure:3757: result: no
Requested 'sdl2 >= 2.0.6' but version of sdl2 is 2.0.5
configure:3811: checking for sdl2-config
configure:3829: found /usr/bin/sdl2-config
configure:3842: result: /usr/bin/sdl2-config
configure:3879: checking for SDL - version >= 2.0.6
configure:3963: gcc -o conftest -g -O2 -I/usr/include/SDL2 -D_REENTRANT   conftest.c  -L/usr/lib -lSDL2 >&5
configure:3963: $? = 0
configure:3963: ./conftest
configure:3963: $? = 1
configure: program exited with status 1
configure: failed program was:
| /* confdefs.h */
| #define PACKAGE_NAME "Game Pencil Engine"
| #define PACKAGE_TARNAME "game-pencil-engine"
| #define PACKAGE_VERSION "1.13"
| #define PACKAGE_STRING "Game Pencil Engine 1.13"
| #define PACKAGE_BUGREPORT "help@pawbyte.com"
| #define PACKAGE_URL ""
| #define PACKAGE "game-pencil-engine"
| #define VERSION "1.13"
| /* end confdefs.h.  */
| 
| #include <stdio.h>
| #include <stdlib.h>
| #include <string.h>
| #include "SDL.h"
| 
| char*
| my_strdup (char *str)
| {
|   char *new_str;
| 
|   if (str)
|     {
|       new_str = (char *)malloc ((strlen (str) + 1) * sizeof(char));
|       strcpy (new_str, str);
|     }
|   else
|     new_str = NULL;
| 
|   return new_str;
| }
| 
| int main (int argc, char *argv[])
| {
|   int major, minor, micro;
|   char *tmp_version;
| 
|   /* This hangs on some systems (?)
|   system ("touch conf.sdltest");
|   */
|   { FILE *fp = fopen("conf.sdltest", "a"); if ( fp ) fclose(fp); }
| 
|   /* HP/UX 9 (%@#!) writes to sscanf strings */
|   tmp_version = my_strdup("2.0.6");
|   if (sscanf(tmp_version, "%d.%d.%d", &major, &minor, &micro) != 3) {
|      printf("%s, bad version string\n", "2.0.6");
|      exit(1);
|    }
| 
|    if ((2 > major) ||
|       ((2 == major) && (0 > minor)) ||
|       ((2 == major) && (0 == minor) && (5 >= micro)))
|     {
|       return 0;
|     }
|   else
|     {
|       printf("\n*** 'sdl2-config --version' returned %d.%d.%d, but the minimum version\n", 2, 0, 5);
|       printf("*** of SDL required is %d.%d.%d. If sdl2-config is correct, then it is\n", major, minor, micro);
|       printf("*** best to upgrade to the required version.\n");
|       printf("*** If sdl2-config was wrong, set the environment variable SDL2_CONFIG\n");
|       printf("*** to point to the correct copy of sdl2-config, and remove the file\n");
|       printf("*** config.cache before re-running configure\n");
|       return 1;
|     }
| }
| 
| 
configure:3979: result: no
configure:4048: error: *** SDL version 2.0.6 not found!

## ---------------- ##
## Cache variables. ##
## ---------------- ##

ac_cv_c_compiler_gnu=yes
ac_cv_env_CC_set=
ac_cv_env_CC_value=
ac_cv_env_CFLAGS_set=
ac_cv_env_CFLAGS_value=
ac_cv_env_CPPFLAGS_set=
ac_cv_env_CPPFLAGS_value=
ac_cv_env_LDFLAGS_set=
ac_cv_env_LDFLAGS_value=
ac_cv_env_LIBS_set=
ac_cv_env_LIBS_value=
ac_cv_env_PKG_CONFIG_LIBDIR_set=
ac_cv_env_PKG_CONFIG_LIBDIR_value=
ac_cv_env_PKG_CONFIG_PATH_set=
ac_cv_env_PKG_CONFIG_PATH_value=
ac_cv_env_PKG_CONFIG_set=
ac_cv_env_PKG_CONFIG_value=
ac_cv_env_SDL2_FRAMEWORK_set=
ac_cv_env_SDL2_FRAMEWORK_value=
ac_cv_env_SDL_CFLAGS_set=
ac_cv_env_SDL_CFLAGS_value=
ac_cv_env_SDL_LIBS_set=
ac_cv_env_SDL_LIBS_value=
ac_cv_env_build_alias_set=
ac_cv_env_build_alias_value=
ac_cv_env_host_alias_set=
ac_cv_env_host_alias_value=
ac_cv_env_target_alias_set=
ac_cv_env_target_alias_value=
ac_cv_objext=o
ac_cv_path_SDL2_CONFIG=/usr/bin/sdl2-config
ac_cv_path_ac_pt_PKG_CONFIG=/usr/bin/pkg-config
ac_cv_path_install='/usr/bin/install -c'
ac_cv_path_mkdir=/usr/bin/mkdir
ac_cv_prog_AWK=gawk
ac_cv_prog_ac_ct_CC=gcc
ac_cv_prog_cc_c89=
ac_cv_prog_cc_g=yes
ac_cv_prog_make_make_set=yes
am_cv_CC_dependencies_compiler_type=gcc3
am_cv_make_support_nested_variables=yes
am_cv_prog_cc_c_o=yes

## ----------------- ##
## Output variables. ##
## ----------------- ##

ACLOCAL='${SHELL} /home/chase/Documents/Pawbyte/Game-Pencil-Engine/missing aclocal-1.15'
AMDEPBACKSLASH='\'
AMDEP_FALSE='#'
AMDEP_TRUE=''
AMTAR='$${TAR-tar}'
AM_BACKSLASH='\'
AM_DEFAULT_V='$(AM_DEFAULT_VERBOSITY)'
AM_DEFAULT_VERBOSITY='1'
AM_V='$(V)'
AUTOCONF='${SHELL} /home/chase/Documents/Pawbyte/Game-Pencil-Engine/missing autoconf'
AUTOHEADER='${SHELL} /home/chase/Documents/Pawbyte/Game-Pencil-Engine/missing autoheader'
AUTOMAKE='${SHELL} /home/chase/Documents/Pawbyte/Game-Pencil-Engine/missing automake-1.15'
AWK='gawk'
CC='gcc'
CCDEPMODE='depmode=gcc3'
CFLAGS='-g -O2'
CPPFLAGS=''
CYGPATH_W='echo'
DEFS=''
DEPDIR='.deps'
ECHO_C=''
ECHO_N='-n'
ECHO_T=''
EXEEXT=''
INSTALL_DATA='${INSTALL} -m 644'
INSTALL_PROGRAM='${INSTALL}'
INSTALL_SCRIPT='${INSTALL}'
INSTALL_STRIP_PROGRAM='$(install_sh) -c -s'
LDFLAGS=''
LIBOBJS=''
LIBS=''
LTLIBOBJS=''
MAKEINFO='${SHELL} /home/chase/Documents/Pawbyte/Game-Pencil-Engine/missing makeinfo'
MKDIR_P='/usr/bin/mkdir -p'
OBJEXT='o'
PACKAGE='game-pencil-engine'
PACKAGE_BUGREPORT='help@pawbyte.com'
PACKAGE_NAME='Game Pencil Engine'
PACKAGE_STRING='Game Pencil Engine 1.13'
PACKAGE_TARNAME='game-pencil-engine'
PACKAGE_URL=''
PACKAGE_VERSION='1.13'
PATH_SEPARATOR=':'
PKG_CONFIG='/usr/bin/pkg-config'
PKG_CONFIG_LIBDIR=''
PKG_CONFIG_PATH=''
SDL2_CONFIG='/usr/bin/sdl2-config'
SDL2_FRAMEWORK=''
SDL_CFLAGS=''
SDL_LIBS=''
SET_MAKE=''
SHELL='/bin/sh'
STRIP=''
VERSION='1.13'
ac_ct_CC='gcc'
am__EXEEXT_FALSE=''
am__EXEEXT_TRUE=''
am__fastdepCC_FALSE='#'
am__fastdepCC_TRUE=''
am__include='include'
am__isrc=''
am__leading_dot='.'
am__nodep='_no'
am__quote=''
am__tar='$${TAR-tar} chof - "$$tardir"'
am__untar='$${TAR-tar} xf -'
bindir='${exec_prefix}/bin'
build_alias=''
datadir='${datarootdir}'
datarootdir='${prefix}/share'
docdir='${datarootdir}/doc/${PACKAGE_TARNAME}'
dvidir='${docdir}'
exec_prefix='NONE'
host_alias=''
htmldir='${docdir}'
includedir='${prefix}/include'
infodir='${datarootdir}/info'
install_sh='${SHELL} /home/chase/Documents/Pawbyte/Game-Pencil-Engine/install-sh'
libdir='${exec_prefix}/lib'
libexecdir='${exec_prefix}/libexec'
localedir='${datarootdir}/locale'
localstatedir='${prefix}/var'
mandir='${datarootdir}/man'
mkdir_p='$(MKDIR_P)'
oldincludedir='/usr/include'
pdfdir='${docdir}'
prefix='NONE'
program_transform_name='s,x,x,'
psdir='${docdir}'
sbindir='${exec_prefix}/sbin'
sharedstatedir='${prefix}/com'
sysconfdir='${prefix}/etc'
target_alias=''

## ----------- ##
## confdefs.h. ##
## ----------- ##

/* confdefs.h */
#define PACKAGE_NAME "Game Pencil Engine"
#define PACKAGE_TARNAME "game-pencil-engine"
#define PACKAGE_VERSION "1.13"
#define PACKAGE_STRING "Game Pencil Engine 1.13"
#define PACKAGE_BUGREPORT "help@pawbyte.com"
#define PACKAGE_URL ""
#define PACKAGE "game-pencil-engine"
#define VERSION "1.13"

configure: exit 1
